<?xml version="1.0" encoding="UTF-8"?>
<!-- Generated by org.testng.reporters.JUnitReportReporter -->
<testsuite hostname="SD" failures="1" tests="2" name="testrunner.runner" time="2.692" errors="0" timestamp="22 Nov 2022 19:50:16 GMT" skipped="0">
  <testcase classname="testrunner.runner" name="runScenario" time="2.311"/>
  <testcase classname="testrunner.runner" name="runScenario" time="0.381">
    <failure message="expected [500] but found [201]" type="java.lang.AssertionError">
      <![CDATA[java.lang.AssertionError: expected [500] but found [201]
at org.testng.Assert.fail(Assert.java:96)
at org.testng.Assert.failNotEquals(Assert.java:776)
at org.testng.Assert.assertEqualsImpl(Assert.java:137)
at org.testng.Assert.assertEquals(Assert.java:118)
at org.testng.Assert.assertEquals(Assert.java:652)
at org.testng.Assert.assertEquals(Assert.java:662)
at com.users.api.stepdefinitions.TestPostUsers.status_code_is(TestPostUsers.java:26)
at ✽.status code is 201(file:///C:/Users/Syed%20Danish/eclipse-workspace/RestassuredBDDPractice/src/test/resources/com/users/api/features/PostUser.feature:5)
]]>
    </failure>
  </testcase> <!-- runScenario -->
</testsuite> <!-- testrunner.runner -->
